*****************************************************
*** DFU LOG FILE ***
 Creation Time : 20120111_14h53m59.log
*****************************************************


Open Device
Get Device Descriptor successful
Get Configuration Descriptor successful
DFU Get Status successful
---> DFUStatus: No error condition present.
---> DFUState: Device is running its normal application.

 Device Descriptor 
bLength: 0x12 
bDescriptorType: 0x01 
bcdUSB: 0x0200 
bDeviceClass: 0x00 
bDeviceSubClass: 0x00 
bDeviceProtocol: 0x00 
bMaxPacketSize0: 0x40 
idVendor: 0x1fc9 
idProduct: 0x0114 
bcdDevice: 0x0100 
iManufacturer: 0x01 
iProduct: 0x04 
iSerialNumber: 0x03 
bNumConfigurations: 0x01 






 *** END OF FILE *** 